<?xml version="1.0" encoding="UTF-8"?>
<testng-results ignored="0" total="2" passed="2" failed="0" skipped="0">
  <reporter-output>
  </reporter-output>
  <suite started-at="2024-04-02T11:57:58 IST" name="Suite" finished-at="2024-04-02T11:58:37 IST" duration-ms="39768">
    <groups>
    </groups>
    <test started-at="2024-04-02T11:57:58 IST" name="Test" finished-at="2024-04-02T11:58:37 IST" duration-ms="39768">
      <class name="com.neopane.tests.OrangeHomeTest">
        <test-method is-config="true" signature="setUp([Ljava.lang.Object;)[pri:0, instance:com.neopane.tests.OrangeHomeTest@28f2a10f]" started-at="2024-04-02T11:58:01 IST" name="setUp" finished-at="2024-04-02T11:58:22 IST" duration-ms="21330" status="PASS">
          <params>
            <param index="0">
              <value>
                <![CDATA[[Ljava.lang.Object;@3bbf9027]]>
              </value>
            </param>
          </params>
          <reporter-output>
          </reporter-output>
        </test-method> <!-- setUp -->
        <test-method is-config="true" signature="setUp([Ljava.lang.Object;)[pri:0, instance:com.neopane.tests.OrangeHomeTest@28f2a10f]" started-at="2024-04-02T11:58:01 IST" name="setUp" finished-at="2024-04-02T11:58:22 IST" duration-ms="21912" status="PASS">
          <params>
            <param index="0">
              <value>
                <![CDATA[[Ljava.lang.Object;@70331432]]>
              </value>
            </param>
          </params>
          <reporter-output>
          </reporter-output>
        </test-method> <!-- setUp -->
        <test-method signature="loginlogoutTest(java.util.Map)[pri:0, instance:com.neopane.tests.OrangeHomeTest@28f2a10f]" started-at="2024-04-02T11:58:22 IST" name="loginlogoutTest" finished-at="2024-04-02T11:58:36 IST" duration-ms="14169" status="PASS">
          <params>
            <param index="0">
              <value>
                <![CDATA[{fname=sharma, password=admin123, Execute=yes, browser=chrome, TestCaseName=loginlogoutTest, username=Admin}]]>
              </value>
            </param>
          </params>
          <reporter-output>
          </reporter-output>
        </test-method> <!-- loginlogoutTest -->
        <test-method signature="loginlogoutTest(java.util.Map)[pri:0, instance:com.neopane.tests.OrangeHomeTest@28f2a10f]" started-at="2024-04-02T11:58:22 IST" name="loginlogoutTest" finished-at="2024-04-02T11:58:36 IST" duration-ms="13588" status="PASS">
          <params>
            <param index="0">
              <value>
                <![CDATA[{fname=navin, password=admin123, Execute=yes, browser=chrome, TestCaseName=loginlogoutTest, username=Admin}]]>
              </value>
            </param>
          </params>
          <reporter-output>
          </reporter-output>
        </test-method> <!-- loginlogoutTest -->
        <test-method is-config="true" signature="tearDown()[pri:0, instance:com.neopane.tests.OrangeHomeTest@28f2a10f]" started-at="2024-04-02T11:58:36 IST" name="tearDown" finished-at="2024-04-02T11:58:37 IST" duration-ms="1344" status="PASS">
          <reporter-output>
          </reporter-output>
        </test-method> <!-- tearDown -->
        <test-method is-config="true" signature="tearDown()[pri:0, instance:com.neopane.tests.OrangeHomeTest@28f2a10f]" started-at="2024-04-02T11:58:36 IST" name="tearDown" finished-at="2024-04-02T11:58:37 IST" duration-ms="1343" status="PASS">
          <reporter-output>
          </reporter-output>
        </test-method> <!-- tearDown -->
      </class> <!-- com.neopane.tests.OrangeHomeTest -->
    </test> <!-- Test -->
  </suite> <!-- Suite -->
</testng-results>
